0 info it worked if it ends with ok
1 verbose cli [ 'C:\\Program Files\\nodejs\\\\node.exe',
1 verbose cli   'C:\\Program Files\\nodejs\\node_modules\\npm\\bin\\npm-cli.js',
1 verbose cli   'install' ]
2 info using npm@1.4.28
3 info using node@v0.10.33
4 verbose node symlink C:\Program Files\nodejs\\node.exe
5 warn package.json chatroom@0.0.1 No repository field.
6 warn package.json chatroom@0.0.1 No README data
7 verbose readDependencies using package.json deps
8 verbose install where, deps [ 'C:\\Users\\nicolashe\\WebstormProjects\\ChatRoom',
8 verbose install   [ 'socket.io', 'mini' ] ]
9 info preinstall chatroom@0.0.1
10 verbose readDependencies using package.json deps
11 verbose cache add [ 'socket.io@~0.9.6', null ]
12 verbose cache add name=undefined spec="socket.io@~0.9.6" args=["socket.io@~0.9.6",null]
13 verbose parsed url { protocol: null,
13 verbose parsed url   slashes: null,
13 verbose parsed url   auth: null,
13 verbose parsed url   host: null,
13 verbose parsed url   port: null,
13 verbose parsed url   hostname: null,
13 verbose parsed url   hash: null,
13 verbose parsed url   search: null,
13 verbose parsed url   query: null,
13 verbose parsed url   pathname: 'socket.io@~0.9.6',
13 verbose parsed url   path: 'socket.io@~0.9.6',
13 verbose parsed url   href: 'socket.io@~0.9.6' }
14 verbose cache add [ 'mini@~1.2.7', null ]
15 verbose cache add name=undefined spec="mini@~1.2.7" args=["mini@~1.2.7",null]
16 verbose parsed url { protocol: null,
16 verbose parsed url   slashes: null,
16 verbose parsed url   auth: null,
16 verbose parsed url   host: null,
16 verbose parsed url   port: null,
16 verbose parsed url   hostname: null,
16 verbose parsed url   hash: null,
16 verbose parsed url   search: null,
16 verbose parsed url   query: null,
16 verbose parsed url   pathname: 'mini@~1.2.7',
16 verbose parsed url   path: 'mini@~1.2.7',
16 verbose parsed url   href: 'mini@~1.2.7' }
17 verbose cache add name="socket.io" spec="~0.9.6" args=["socket.io","~0.9.6"]
18 verbose parsed url { protocol: null,
18 verbose parsed url   slashes: null,
18 verbose parsed url   auth: null,
18 verbose parsed url   host: null,
18 verbose parsed url   port: null,
18 verbose parsed url   hostname: null,
18 verbose parsed url   hash: null,
18 verbose parsed url   search: null,
18 verbose parsed url   query: null,
18 verbose parsed url   pathname: '~0.9.6',
18 verbose parsed url   path: '~0.9.6',
18 verbose parsed url   href: '~0.9.6' }
19 verbose addNamed [ 'socket.io', '~0.9.6' ]
20 verbose addNamed [ null, '>=0.9.6-0 <0.10.0-0' ]
21 verbose cache add name="mini" spec="~1.2.7" args=["mini","~1.2.7"]
22 verbose parsed url { protocol: null,
22 verbose parsed url   slashes: null,
22 verbose parsed url   auth: null,
22 verbose parsed url   host: null,
22 verbose parsed url   port: null,
22 verbose parsed url   hostname: null,
22 verbose parsed url   hash: null,
22 verbose parsed url   search: null,
22 verbose parsed url   query: null,
22 verbose parsed url   pathname: '~1.2.7',
22 verbose parsed url   path: '~1.2.7',
22 verbose parsed url   href: '~1.2.7' }
23 verbose addNamed [ 'mini', '~1.2.7' ]
24 verbose addNamed [ null, '>=1.2.7-0 <1.3.0-0' ]
25 silly lockFile f2e07591-socket-io-0-9-6 socket.io@~0.9.6
26 verbose lock socket.io@~0.9.6 C:\Users\nicolashe\AppData\Roaming\npm-cache\f2e07591-socket-io-0-9-6.lock
27 silly lockFile 7e18c778-mini-1-2-7 mini@~1.2.7
28 verbose lock mini@~1.2.7 C:\Users\nicolashe\AppData\Roaming\npm-cache\7e18c778-mini-1-2-7.lock
29 silly addNameRange { name: 'socket.io',
29 silly addNameRange   range: '>=0.9.6-0 <0.10.0-0',
29 silly addNameRange   hasData: false }
30 verbose request where is /socket.io
31 verbose request registry https://registry.npmjs.org/
32 verbose request id 05527cd56e228b0a
33 verbose url raw /socket.io
34 verbose url resolving [ 'https://registry.npmjs.org/', './socket.io' ]
35 verbose url resolved https://registry.npmjs.org/socket.io
36 verbose request where is https://registry.npmjs.org/socket.io
37 info trying registry request attempt 1 at 13:53:48
38 http GET https://registry.npmjs.org/socket.io
39 silly addNameRange { name: 'mini', range: '>=1.2.7-0 <1.3.0-0', hasData: false }
40 verbose request where is /mini
41 verbose request registry https://registry.npmjs.org/
42 verbose url raw /mini
43 verbose url resolving [ 'https://registry.npmjs.org/', './mini' ]
44 verbose url resolved https://registry.npmjs.org/mini
45 verbose request where is https://registry.npmjs.org/mini
46 info trying registry request attempt 1 at 13:53:48
47 http GET https://registry.npmjs.org/mini
48 http 200 https://registry.npmjs.org/mini
49 silly registry.get cb [ 200,
49 silly registry.get   { date: 'Wed, 19 Nov 2014 05:44:34 GMT',
49 silly registry.get     server: 'CouchDB/1.5.0 (Erlang OTP/R16B03)',
49 silly registry.get     etag: '"A5P4FCNVYAB0LQDSD1L9400JY"',
49 silly registry.get     'content-type': 'application/json',
49 silly registry.get     'cache-control': 'max-age=60',
49 silly registry.get     'content-length': '4747',
49 silly registry.get     'accept-ranges': 'bytes',
49 silly registry.get     via: '1.1 varnish',
49 silly registry.get     age: '0',
49 silly registry.get     'x-served-by': 'cache-ty66-TYO',
49 silly registry.get     'x-cache': 'MISS',
49 silly registry.get     'x-cache-hits': '0',
49 silly registry.get     'x-timer': 'S1416375874.170829,VS0,VE178',
49 silly registry.get     vary: 'Accept',
49 silly registry.get     'keep-alive': 'timeout=10, max=50',
49 silly registry.get     connection: 'Keep-Alive' } ]
50 silly addNameRange number 2 { name: 'mini', range: '>=1.2.7-0 <1.3.0-0', hasData: true }
51 silly addNameRange versions [ 'mini', [ '0.0.1', '0.0.2', '1.0.0', '1.1.0' ] ]
52 silly lockFile 7e18c778-mini-1-2-7 mini@~1.2.7
53 silly lockFile 7e18c778-mini-1-2-7 mini@~1.2.7
54 http 200 https://registry.npmjs.org/socket.io
55 silly registry.get cb [ 200,
55 silly registry.get   { date: 'Wed, 19 Nov 2014 05:44:34 GMT',
55 silly registry.get     server: 'CouchDB/1.5.0 (Erlang OTP/R14B04)',
55 silly registry.get     etag: '"BLQ9MVT4Y0RCV1TF305R0W8RA"',
55 silly registry.get     'content-type': 'application/json',
55 silly registry.get     'cache-control': 'max-age=60',
55 silly registry.get     'content-length': '101339',
55 silly registry.get     'accept-ranges': 'bytes',
55 silly registry.get     via: '1.1 varnish',
55 silly registry.get     age: '54',
55 silly registry.get     'x-served-by': 'cache-ty67-TYO',
55 silly registry.get     'x-cache': 'HIT',
55 silly registry.get     'x-cache-hits': '8',
55 silly registry.get     'x-timer': 'S1416375874.827616,VS0,VE0',
55 silly registry.get     vary: 'Accept',
55 silly registry.get     'keep-alive': 'timeout=10, max=50',
55 silly registry.get     connection: 'Keep-Alive' } ]
56 silly addNameRange number 2 { name: 'socket.io',
56 silly addNameRange   range: '>=0.9.6-0 <0.10.0-0',
56 silly addNameRange   hasData: true }
57 silly addNameRange versions [ 'socket.io',
57 silly addNameRange   [ '0.3.8',
57 silly addNameRange     '0.4.0',
57 silly addNameRange     '0.4.1',
57 silly addNameRange     '0.5.1',
57 silly addNameRange     '0.5.3',
57 silly addNameRange     '0.6.0',
57 silly addNameRange     '0.6.1',
57 silly addNameRange     '0.6.3',
57 silly addNameRange     '0.6.4',
57 silly addNameRange     '0.6.5',
57 silly addNameRange     '0.6.6',
57 silly addNameRange     '0.6.7',
57 silly addNameRange     '0.6.8',
57 silly addNameRange     '0.6.9',
57 silly addNameRange     '0.6.10',
57 silly addNameRange     '0.6.11',
57 silly addNameRange     '0.6.12',
57 silly addNameRange     '0.6.14',
57 silly addNameRange     '0.6.15',
57 silly addNameRange     '0.6.16',
57 silly addNameRange     '0.6.17',
57 silly addNameRange     '0.6.18',
57 silly addNameRange     '0.7.0',
57 silly addNameRange     '0.7.1',
57 silly addNameRange     '0.7.2',
57 silly addNameRange     '0.7.3',
57 silly addNameRange     '0.7.4',
57 silly addNameRange     '0.7.5',
57 silly addNameRange     '0.7.6',
57 silly addNameRange     '0.7.7',
57 silly addNameRange     '0.7.8',
57 silly addNameRange     '0.7.9',
57 silly addNameRange     '0.7.10',
57 silly addNameRange     '0.7.11',
57 silly addNameRange     '0.8.0',
57 silly addNameRange     '0.8.1',
57 silly addNameRange     '0.8.2',
57 silly addNameRange     '0.8.3',
57 silly addNameRange     '0.8.4',
57 silly addNameRange     '0.8.5',
57 silly addNameRange     '0.8.6',
57 silly addNameRange     '0.8.7',
57 silly addNameRange     '0.9.0',
57 silly addNameRange     '0.9.1',
57 silly addNameRange     '0.9.1-1',
57 silly addNameRange     '0.9.2',
57 silly addNameRange     '0.9.3',
57 silly addNameRange     '0.9.4',
57 silly addNameRange     '0.9.5',
57 silly addNameRange     '0.9.6',
57 silly addNameRange     '0.9.7',
57 silly addNameRange     '0.9.8',
57 silly addNameRange     '0.9.9',
57 silly addNameRange     '0.9.10',
57 silly addNameRange     '0.9.11',
57 silly addNameRange     '0.9.12',
57 silly addNameRange     '0.9.13',
57 silly addNameRange     '0.9.14',
57 silly addNameRange     '0.9.15',
57 silly addNameRange     '0.9.16',
57 silly addNameRange     '1.0.0-pre',
57 silly addNameRange     '1.0.0-pre2',
57 silly addNameRange     '1.0.0-pre3',
57 silly addNameRange     '1.0.0-pre4',
57 silly addNameRange     '1.0.0-pre5',
57 silly addNameRange     '0.9.17',
57 silly addNameRange     '1.0.0',
57 silly addNameRange     '1.0.1',
57 silly addNameRange     '1.0.2',
57 silly addNameRange     '1.0.3',
57 silly addNameRange     '1.0.4',
57 silly addNameRange     '1.0.5',
57 silly addNameRange     '1.0.6',
57 silly addNameRange     '1.1.0',
57 silly addNameRange     '1.2.0' ] ]
58 verbose addNamed [ 'socket.io', '0.9.17' ]
59 verbose addNamed [ '0.9.17', '0.9.17' ]
60 silly lockFile 1593240a-socket-io-0-9-17 socket.io@0.9.17
61 verbose lock socket.io@0.9.17 C:\Users\nicolashe\AppData\Roaming\npm-cache\1593240a-socket-io-0-9-17.lock
62 silly lockFile dc5b8fe7-g-socket-io-socket-io-0-9-17-tgz https://registry.npmjs.org/socket.io/-/socket.io-0.9.17.tgz
63 verbose lock https://registry.npmjs.org/socket.io/-/socket.io-0.9.17.tgz C:\Users\nicolashe\AppData\Roaming\npm-cache\dc5b8fe7-g-socket-io-socket-io-0-9-17-tgz.lock
64 verbose addRemoteTarball [ 'https://registry.npmjs.org/socket.io/-/socket.io-0.9.17.tgz',
64 verbose addRemoteTarball   'ca389268fb2cd5df4b59218490a08c907581c9ec' ]
65 info retry fetch attempt 1 at 13:53:55
66 verbose fetch to= C:\Users\NICOLA~1\AppData\Local\Temp\npm-1572-l1fCinom\registry.npmjs.org\socket.io\-\socket.io-0.9.17.tgz
67 http GET https://registry.npmjs.org/socket.io/-/socket.io-0.9.17.tgz
68 http 200 https://registry.npmjs.org/socket.io/-/socket.io-0.9.17.tgz
69 silly lockFile dc5b8fe7-g-socket-io-socket-io-0-9-17-tgz https://registry.npmjs.org/socket.io/-/socket.io-0.9.17.tgz
70 silly lockFile dc5b8fe7-g-socket-io-socket-io-0-9-17-tgz https://registry.npmjs.org/socket.io/-/socket.io-0.9.17.tgz
71 silly lockFile 1593240a-socket-io-0-9-17 socket.io@0.9.17
72 silly lockFile 1593240a-socket-io-0-9-17 socket.io@0.9.17
73 silly lockFile f2e07591-socket-io-0-9-6 socket.io@~0.9.6
74 silly lockFile f2e07591-socket-io-0-9-6 socket.io@~0.9.6
75 error notarget No compatible version found: mini@'>=1.2.7-0 <1.3.0-0'
75 error notarget Valid install targets:
75 error notarget ["0.0.1","0.0.2","1.0.0","1.1.0"]
75 error notarget
75 error notarget This is most likely not a problem with npm itself.
75 error notarget In most cases you or one of your dependencies are requesting
75 error notarget a package version that doesn't exist.
76 error System Windows_NT 6.2.9200
77 error command "C:\\Program Files\\nodejs\\\\node.exe" "C:\\Program Files\\nodejs\\node_modules\\npm\\bin\\npm-cli.js" "install"
78 error cwd C:\Users\nicolashe\WebstormProjects\ChatRoom
79 error node -v v0.10.33
80 error npm -v 1.4.28
81 error code ETARGET
82 verbose exit [ 1, true ]
